
info: Nov-12-2021 19:02:53: 	Server started and running on http://localhost:3000
info: Nov-12-2021 19:03:12: 	all customers are visible
info: Nov-12-2021 19:03:14: 	all customers are visible
info: Nov-12-2021 19:03:16: 	all customers are visible
info: Nov-12-2021 19:03:17: 	all customers are visible
info: Nov-12-2021 19:03:17: 	all customers are visible
info: Nov-12-2021 19:03:17: 	all customers are visible
info: Nov-12-2021 19:03:17: 	all customers are visible
info: Nov-12-2021 19:03:18: 	all customers are visible
info: Nov-12-2021 19:03:18: 	all customers are visible
info: Nov-12-2021 19:03:18: 	all customers are visible
info: Nov-12-2021 19:03:18: 	all customers are visible
info: Nov-12-2021 19:03:18: 	all customers are visible
info: Nov-12-2021 19:05:57: 	all customers are visible
info: Nov-12-2021 19:06:44: all customers are visible
[32minfo[39m: Nov-12-2021 19:07:26: all customers are visible
info: Nov-12-2021 21:15:31: 	[object Object]customer added
info: Nov-12-2021 21:16:56: 	[object Object]customer added
info: Nov-12-2021 21:21:08: 	all customers are visible
info: Nov-12-2021 21:21:08: 	all customers are visible
info: Nov-12-2021 21:21:08: 	all customers are visible
error: Nov-12-2021 21:21:08: 	Customer is not found
error: 11-13-2021 11:31:32: Customer is not found
info: 11-13-2021 11:33:35: server is running on 3000
info: 11-13-2021 11:44:17: server is running on 3000
error: 11-13-2021 11:44:22: Customer is not found
info: 11-13-2021 11:53:23: server is running on 3000
error: 11-13-2021 11:53:28: Customer is not found
info: 11-13-2021 12:00:02: server is running on 3000
info: 11-13-2021 13:02:54: server is running on 3000
error: 11-13-2021 13:03:03: Customer is not found
info: 11-13-2021 13:56:50: server is running on 3000
info: 11-13-2021 13:57:02: all customers are visible
info: 11-13-2021 13:57:15: customer is deleted
info: 11-13-2021 13:57:27: all customers are visible
info: 11-13-2021 14:03:38: server is running on 3000
info: 11-13-2021 14:03:53: customer is deleted
info: 11-13-2021 14:04:05: all customers are visible
info: 11-13-2021 14:07:00: customer is deleted
info: 11-13-2021 14:07:11: all customers are visible
info: 11-13-2021 14:15:31: server is running on 3000
info: 11-13-2021 14:16:38: customer is deleted
info: 11-13-2021 14:16:47: all customers are visible
info: 11-13-2021 14:22:10: server is running on 3000
info: 11-14-2021 20:50:38: server is running on 3000
info: 11-14-2021 20:52:28: all customers are visible
info: 11-14-2021 20:54:34: server is running on 3000
info: 11-14-2021 20:55:15: all customers are visible
info: 11-14-2021 20:55:49: server is running on 3000
info: 11-14-2021 20:56:20: all customers are visible
info: 11-14-2021 20:58:46: server is running on 3000
info: 11-14-2021 20:58:55: all customers are visible
info: 11-14-2021 21:00:39: customer added
info: 11-14-2021 21:00:53: all customers are visible
info: 11-14-2021 21:02:39: customer updated successfully
info: 11-14-2021 21:02:57: customer is deleted
error: 11-14-2021 21:03:09: Customer is not found
info: 11-14-2021 21:03:26: customer added
info: 11-14-2021 21:04:14: all customers are visible
info: 11-14-2021 21:04:56: all customers are visible
info: 11-14-2021 21:05:11: server is running on 3000
info: 11-14-2021 21:05:18: all customers are visible
info: 11-14-2021 21:05:29: all customers are visible
info: 11-14-2021 21:06:59: server is running on 3000
info: 11-14-2021 21:07:05: all customers are visible
info: 11-15-2021 08:54:58: server is running on 3000
info: 11-15-2021 08:55:32: all customers are visible
